Performing C SOURCE FILE Test CMAKE_HAVE_LIBC_PTHREAD failed with the following output:
Change Dir: /Code/lidar_ws/build/CMakeFiles/CMakeScratch/TryCompile-Wtfp97

Run Build Command(s):/usr/bin/make -f Makefile cmTC_ddc11/fast && /usr/bin/make  -f CMakeFiles/cmTC_ddc11.dir/build.make CMakeFiles/cmTC_ddc11.dir/build
make[1]: Entering directory '/Code/lidar_ws/build/CMakeFiles/CMakeScratch/TryCompile-Wtfp97'
Building C object CMakeFiles/cmTC_ddc11.dir/src.c.o
/usr/bin/cc -DCMAKE_HAVE_LIBC_PTHREAD   -o CMakeFiles/cmTC_ddc11.dir/src.c.o -c /Code/lidar_ws/build/CMakeFiles/CMakeScratch/TryCompile-Wtfp97/src.c
Linking C executable cmTC_ddc11
/usr/local/lib/python3.8/dist-packages/cmake/data/bin/cmake -E cmake_link_script CMakeFiles/cmTC_ddc11.dir/link.txt --verbose=1
/usr/bin/cc -rdynamic CMakeFiles/cmTC_ddc11.dir/src.c.o -o cmTC_ddc11 
/usr/bin/ld: CMakeFiles/cmTC_ddc11.dir/src.c.o: in function `main':
src.c:(.text+0x48): undefined reference to `pthread_create'
/usr/bin/ld: src.c:(.text+0x50): undefined reference to `pthread_detach'
/usr/bin/ld: src.c:(.text+0x58): undefined reference to `pthread_cancel'
/usr/bin/ld: src.c:(.text+0x64): undefined reference to `pthread_join'
collect2: error: ld returned 1 exit status
make[1]: *** [CMakeFiles/cmTC_ddc11.dir/build.make:99: cmTC_ddc11] Error 1
make[1]: Leaving directory '/Code/lidar_ws/build/CMakeFiles/CMakeScratch/TryCompile-Wtfp97'
make: *** [Makefile:127: cmTC_ddc11/fast] Error 2


Source file was:
#include <pthread.h>

static void* test_func(void* data)
{
  return data;
}

int main(void)
{
  pthread_t thread;
  pthread_create(&thread, NULL, test_func, NULL);
  pthread_detach(thread);
  pthread_cancel(thread);
  pthread_join(thread, NULL);
  pthread_atfork(NULL, NULL, NULL);
  pthread_exit(NULL);

  return 0;
}


Determining if the function pthread_create exists in the pthreads failed with the following output:
Change Dir: /Code/lidar_ws/build/CMakeFiles/CMakeScratch/TryCompile-Ru1oi8

Run Build Command(s):/usr/bin/make -f Makefile cmTC_5775e/fast && /usr/bin/make  -f CMakeFiles/cmTC_5775e.dir/build.make CMakeFiles/cmTC_5775e.dir/build
make[1]: Entering directory '/Code/lidar_ws/build/CMakeFiles/CMakeScratch/TryCompile-Ru1oi8'
Building C object CMakeFiles/cmTC_5775e.dir/CheckFunctionExists.c.o
/usr/bin/cc   -DCHECK_FUNCTION_EXISTS=pthread_create -o CMakeFiles/cmTC_5775e.dir/CheckFunctionExists.c.o -c /Code/lidar_ws/build/CMakeFiles/CMakeScratch/TryCompile-Ru1oi8/CheckFunctionExists.c
Linking C executable cmTC_5775e
/usr/local/lib/python3.8/dist-packages/cmake/data/bin/cmake -E cmake_link_script CMakeFiles/cmTC_5775e.dir/link.txt --verbose=1
/usr/bin/cc  -DCHECK_FUNCTION_EXISTS=pthread_create -rdynamic CMakeFiles/cmTC_5775e.dir/CheckFunctionExists.c.o -o cmTC_5775e  -lpthreads 
/usr/bin/ld: cannot find -lpthreads
collect2: error: ld returned 1 exit status
make[1]: *** [CMakeFiles/cmTC_5775e.dir/build.make:99: cmTC_5775e] Error 1
make[1]: Leaving directory '/Code/lidar_ws/build/CMakeFiles/CMakeScratch/TryCompile-Ru1oi8'
make: *** [Makefile:127: cmTC_5775e/fast] Error 2



